<?xml version="1.0" ?>
<!DOCTYPE coverage SYSTEM "http://cobertura.sourceforge.net/xml/coverage-04.dtd">
<coverage lines-valid="9" lines-covered="9" line-rate="1" branches-valid="0" branches-covered="0" branch-rate="1" timestamp="1589142241806" complexity="0" version="0.1">
  <sources>
    <source>.</source>
  </sources>
  <packages>
    <class name="PlutoniumCore.js" filename="dist/src/PlutoniumCore.js" line-rate="1" branch-rate="1">
      <methods>
        <method name="(anonymous_0)" hits="2" signature="()V">
          <lines>
            <line number="5" hits="2"/>
          </lines>
        </method>
        <method name="(anonymous_1)" hits="2" signature="()V">
          <lines>
            <line number="10" hits="2"/>
          </lines>
        </method>
      </methods>
      <lines>
        <line number="6" hits="2" branch="false"/>
        <line number="7" hits="2" branch="false"/>
        <line number="8" hits="2" branch="false"/>
        <line number="11" hits="2" branch="false"/>
        <line number="39" hits="1" branch="false"/>
        <line number="80" hits="1" branch="false"/>
        <line number="83" hits="1" branch="false"/>
      </lines>
    </class>
    <class name="plutonium-core.js" filename="dist/src/plutonium-core.js" line-rate="1" branch-rate="1">
      <methods>
      </methods>
      <lines>
        <line number="2" hits="1" branch="false"/>
      </lines>
    </class>
  </packages>
</coverage>
